<?xml version="1.0" encoding="UTF-8"?>
<!-- Generated by org.testng.reporters.JUnitReportReporter -->
<testsuite skipped="0" hostname="DESKTOP-ATOQJFI" name="com.atmecs.selenium.SimpleAnnotations" tests="2" failures="0" timestamp="2020-09-10T22:16:43 PDT" time="0.025" errors="0">
  <testcase name="testCase2" time="0.017" classname="com.atmecs.selenium.SimpleAnnotations"/>
  <system-out/>
  <testcase name="testCase1" time="0.008" classname="com.atmecs.selenium.SimpleAnnotations"/>
  <system-out/>
</testsuite> <!-- com.atmecs.selenium.SimpleAnnotations -->
